\BOOKMARK [0][]{chapter*.1}{Muc luc}{}% 1
\BOOKMARK [0][]{chapter*.2}{Danh s\341ch h\354nh ve}{}% 2
\BOOKMARK [0][]{chapter*.2}{Nomenclature}{}% 3
\BOOKMARK [0][]{chapter.1}{1 TNG QUAN}{}% 4
\BOOKMARK [1][]{section.1.1}{1.1 \320t vn }{chapter.1}% 5
\BOOKMARK [1][]{section.1.2}{1.2 \320i tng, pham vi v\340 muc ti\352u}{chapter.1}% 6
\BOOKMARK [2][]{subsection.1.2.1}{1.2.1 \320i tng}{section.1.2}% 7
\BOOKMARK [2][]{subsection.1.2.2}{1.2.2 Pham vi}{section.1.2}% 8
\BOOKMARK [2][]{subsection.1.2.3}{1.2.3 Muc ti\352u}{section.1.2}% 9
\BOOKMARK [1][]{section.1.3}{1.3 Cu tr\372c kh\363a lun}{chapter.1}% 10
\BOOKMARK [0][]{chapter.2}{2 C\301C NGHI\312N CU LI\312N QUAN}{}% 11
\BOOKMARK [1][]{section.2.1}{2.1 \320m da tr\352n ph\341t hin i tng}{chapter.2}% 12
\BOOKMARK [1][]{section.2.2}{2.2 \320m da tr\352n gom cum}{chapter.2}% 13
\BOOKMARK [1][]{section.2.3}{2.3 \320m da tr\352n m\364 h\354nh hi quy}{chapter.2}% 14
\BOOKMARK [1][]{section.2.4}{2.4 Kt chng}{chapter.2}% 15
\BOOKMARK [0][]{chapter.3}{3 DEEP LEARNING CHO B\300I TO\301N \320M \320I TNG TRONG ANH TINH.}{}% 16
\BOOKMARK [1][]{section.3.1}{3.1 Tng quan v Deep Learning.}{chapter.3}% 17
\BOOKMARK [2][]{subsection.3.1.1}{3.1.1 Neural networks}{section.3.1}% 18
\BOOKMARK [3][]{subsubsection.3.1.1.1}{3.1.1.1 Mang neural nh\342n tao.}{subsection.3.1.1}% 19
\BOOKMARK [3][]{subsubsection.3.1.1.2}{3.1.1.2 Hoat ng cua mang neural nh\342n tao.}{subsection.3.1.1}% 20
\BOOKMARK [2][]{subsection.3.1.2}{3.1.2 Tng quan deep learning}{section.3.1}% 21
\BOOKMARK [2][]{subsection.3.1.3}{3.1.3 Convolutional Neural Networks}{section.3.1}% 22
\BOOKMARK [3][]{subsubsection.3.1.3.1}{3.1.3.1 Lp Convolution}{subsection.3.1.3}% 23
\BOOKMARK [3][]{subsubsection.3.1.3.2}{3.1.3.2 Lp Pooling}{subsection.3.1.3}% 24
\BOOKMARK [3][]{subsubsection.3.1.3.3}{3.1.3.3 Lp Normalization}{subsection.3.1.3}% 25
\BOOKMARK [1][]{section.3.2}{3.2 \301p dung Deep Learning cho b\340i to\341n m i tng}{chapter.3}% 26
\BOOKMARK [2][]{subsection.3.2.1}{3.2.1 M\364 h\354nh m i tng}{section.3.2}% 27
\BOOKMARK [2][]{subsection.3.2.2}{3.2.2 M\364 h\354nh CCNN}{section.3.2}% 28
\BOOKMARK [2][]{subsection.3.2.3}{3.2.3 M\364 h\354nh Hydra CNN}{section.3.2}% 29
\BOOKMARK [1][]{section.3.3}{3.3 Kt chng}{chapter.3}% 30
\BOOKMARK [0][]{chapter.4}{4 THC NGHIM V\300 \320\301NH GI\301}{}% 31
\BOOKMARK [1][]{section.4.1}{4.1 B d liu thc nghim.}{chapter.4}% 32
\BOOKMARK [2][]{subsection.4.1.1}{4.1.1 B D liu UCSD}{section.4.1}% 33
\BOOKMARK [2][]{subsection.4.1.2}{4.1.2 B d liu UCF\137CC\13750}{section.4.1}% 34
\BOOKMARK [2][]{subsection.4.1.3}{4.1.3 B d liu TRANCOS}{section.4.1}% 35
\BOOKMARK [1][]{section.4.2}{4.2 Phng ph\341p \341nh gi\341 thc nghim.}{chapter.4}% 36
\BOOKMARK [2][]{subsection.4.2.1}{4.2.1 \320\341nh gi\341 thc nghim tr\352n b UCSD}{section.4.2}% 37
\BOOKMARK [2][]{subsection.4.2.2}{4.2.2 \320\341nh gi\341 tr\352n b d liu UCF}{section.4.2}% 38
\BOOKMARK [2][]{subsection.4.2.3}{4.2.3 \320\341nh gi\341 tr\352n b d liu TRANCOS}{section.4.2}% 39
\BOOKMARK [1][]{section.4.3}{4.3 Kt qua \341nh gi\341}{chapter.4}% 40
\BOOKMARK [2][]{subsection.4.3.1}{4.3.1 Kt qua \341nh gi\341 tr\352n b d liu UCSD}{section.4.3}% 41
\BOOKMARK [2][]{subsection.4.3.2}{4.3.2 Kt qua \341nh gi\341 tr\352n b d liu UCF}{section.4.3}% 42
\BOOKMARK [2][]{subsection.4.3.3}{4.3.3 Kt qua \341nh gi\341 tr\352n b d liu TRANCOS}{section.4.3}% 43
\BOOKMARK [0][]{chapter.5}{5 NG DUNG THC NGHIM V\300 HNG PH\301T TRIN.}{}% 44
\BOOKMARK [0][]{appendix*.3}{Phu luc A}{}% 45
\BOOKMARK [0][]{appendix*.4}{Phu luc B}{}% 46
\BOOKMARK [0][]{appendix*.5}{T\340i liu tham khao}{}% 47
